<?xml version="1.0" encoding="UTF-8"?>
<testsuite xmlns:xsi="http://www.w3.org/2001/XMLSchema-instance" xsi:noNamespaceSchemaLocation="https://maven.apache.org/surefire/maven-surefire-plugin/xsd/surefire-test-report-3.0.xsd" version="3.0" name="com.solvd.laba.computer_repair_service.data_structures.LinkedListTest" time="0.071" tests="9" errors="0" skipped="0" failures="0">
  <properties>
    <property name="java.specification.version" value="22"/>
    <property name="sun.cpu.isalist" value="amd64"/>
    <property name="sun.jnu.encoding" value="Cp1252"/>
    <property name="java.class.path" value="C:\Users\ivany\IdeaProjects\HW13.08\target\test-classes;C:\Users\ivany\IdeaProjects\HW13.08\target\classes;C:\Users\ivany\.m2\repository\org\apache\logging\log4j\log4j-api\2.23.1\log4j-api-2.23.1.jar;C:\Users\ivany\.m2\repository\org\apache\logging\log4j\log4j-core\2.23.1\log4j-core-2.23.1.jar;C:\Users\ivany\.m2\repository\org\junit\jupiter\junit-jupiter\5.11.0\junit-jupiter-5.11.0.jar;C:\Users\ivany\.m2\repository\org\junit\jupiter\junit-jupiter-api\5.11.0\junit-jupiter-api-5.11.0.jar;C:\Users\ivany\.m2\repository\org\opentest4j\opentest4j\1.3.0\opentest4j-1.3.0.jar;C:\Users\ivany\.m2\repository\org\junit\platform\junit-platform-commons\1.11.0\junit-platform-commons-1.11.0.jar;C:\Users\ivany\.m2\repository\org\apiguardian\apiguardian-api\1.1.2\apiguardian-api-1.1.2.jar;C:\Users\ivany\.m2\repository\org\junit\jupiter\junit-jupiter-params\5.11.0\junit-jupiter-params-5.11.0.jar;C:\Users\ivany\.m2\repository\org\junit\jupiter\junit-jupiter-engine\5.11.0\junit-jupiter-engine-5.11.0.jar;C:\Users\ivany\.m2\repository\org\junit\platform\junit-platform-engine\1.11.0\junit-platform-engine-1.11.0.jar;"/>
    <property name="java.vm.vendor" value="Oracle Corporation"/>
    <property name="sun.arch.data.model" value="64"/>
    <property name="user.variant" value=""/>
    <property name="java.vendor.url" value="https://java.oracle.com/"/>
    <property name="user.timezone" value="America/Mexico_City"/>
    <property name="os.name" value="Windows 11"/>
    <property name="java.vm.specification.version" value="22"/>
    <property name="sun.java.launcher" value="SUN_STANDARD"/>
    <property name="user.country" value="MX"/>
    <property name="sun.boot.library.path" value="C:\Program Files (x86)\openjdk\jdk-22.0.1\bin"/>
    <property name="sun.java.command" value="C:\Users\ivany\AppData\Local\Temp\surefire6085925330693515255\surefirebooter-20240903092645718_3.jar C:\Users\ivany\AppData\Local\Temp\surefire6085925330693515255 2024-09-03T09-26-45_596-jvmRun1 surefire-20240903092645718_1tmp surefire_0-20240903092645718_2tmp"/>
    <property name="jdk.debug" value="release"/>
    <property name="surefire.test.class.path" value="C:\Users\ivany\IdeaProjects\HW13.08\target\test-classes;C:\Users\ivany\IdeaProjects\HW13.08\target\classes;C:\Users\ivany\.m2\repository\org\apache\logging\log4j\log4j-api\2.23.1\log4j-api-2.23.1.jar;C:\Users\ivany\.m2\repository\org\apache\logging\log4j\log4j-core\2.23.1\log4j-core-2.23.1.jar;C:\Users\ivany\.m2\repository\org\junit\jupiter\junit-jupiter\5.11.0\junit-jupiter-5.11.0.jar;C:\Users\ivany\.m2\repository\org\junit\jupiter\junit-jupiter-api\5.11.0\junit-jupiter-api-5.11.0.jar;C:\Users\ivany\.m2\repository\org\opentest4j\opentest4j\1.3.0\opentest4j-1.3.0.jar;C:\Users\ivany\.m2\repository\org\junit\platform\junit-platform-commons\1.11.0\junit-platform-commons-1.11.0.jar;C:\Users\ivany\.m2\repository\org\apiguardian\apiguardian-api\1.1.2\apiguardian-api-1.1.2.jar;C:\Users\ivany\.m2\repository\org\junit\jupiter\junit-jupiter-params\5.11.0\junit-jupiter-params-5.11.0.jar;C:\Users\ivany\.m2\repository\org\junit\jupiter\junit-jupiter-engine\5.11.0\junit-jupiter-engine-5.11.0.jar;C:\Users\ivany\.m2\repository\org\junit\platform\junit-platform-engine\1.11.0\junit-platform-engine-1.11.0.jar;"/>
    <property name="sun.cpu.endian" value="little"/>
    <property name="user.home" value="C:\Users\ivany"/>
    <property name="user.language" value="es"/>
    <property name="java.specification.vendor" value="Oracle Corporation"/>
    <property name="java.version.date" value="2024-04-16"/>
    <property name="java.home" value="C:\Program Files (x86)\openjdk\jdk-22.0.1"/>
    <property name="file.separator" value="\"/>
    <property name="basedir" value="C:\Users\ivany\IdeaProjects\HW13.08"/>
    <property name="java.vm.compressedOopsMode" value="Zero based"/>
    <property name="line.separator" value="&#10;"/>
    <property name="java.vm.specification.vendor" value="Oracle Corporation"/>
    <property name="java.specification.name" value="Java Platform API Specification"/>
    <property name="surefire.real.class.path" value="C:\Users\ivany\AppData\Local\Temp\surefire6085925330693515255\surefirebooter-20240903092645718_3.jar"/>
    <property name="user.script" value=""/>
    <property name="sun.management.compiler" value="HotSpot 64-Bit Tiered Compilers"/>
    <property name="java.runtime.version" value="22.0.1+8-16"/>
    <property name="user.name" value="ivany"/>
    <property name="stdout.encoding" value="Cp1252"/>
    <property name="path.separator" value=";"/>
    <property name="os.version" value="10.0"/>
    <property name="java.runtime.name" value="OpenJDK Runtime Environment"/>
    <property name="file.encoding" value="UTF-8"/>
    <property name="java.vm.name" value="OpenJDK 64-Bit Server VM"/>
    <property name="localRepository" value="C:\Users\ivany\.m2\repository"/>
    <property name="java.vendor.url.bug" value="https://bugreport.java.com/bugreport/"/>
    <property name="java.io.tmpdir" value="C:\Users\ivany\AppData\Local\Temp\"/>
    <property name="java.version" value="22.0.1"/>
    <property name="user.dir" value="C:\Users\ivany\IdeaProjects\HW13.08"/>
    <property name="os.arch" value="amd64"/>
    <property name="java.vm.specification.name" value="Java Virtual Machine Specification"/>
    <property name="sun.os.patch.level" value=""/>
    <property name="native.encoding" value="Cp1252"/>
    <property name="java.library.path" value="C:\Program Files (x86)\openjdk\jdk-22.0.1\bin;C:\Windows\Sun\Java\bin;C:\Windows\system32;C:\Windows;C:\Program Files\Git\mingw64\bin;C:\Program Files\Git\usr\bin;C:\Users\ivany\bin;C:\apache-maven-3.9.9-bin\apache-maven-3.9.9\bin;C:\Program Files (x86)\openjdk\jdk-22.0.1\bin;C:\Program Files\Python312\Scripts;C:\Program Files\Python312;C:\Windows\system32;C:\Windows;C:\Windows\System32\Wbem;C:\Windows\System32\WindowsPowerShell\v1.0;C:\Windows\System32\OpenSSH;C:\Program Files (x86)\NVIDIA Corporation\PhysX\Common;C:\Program Files\NVIDIA Corporation\NVIDIA NvDLISR;C:\Program Files\HP\HP One Agent;C:\Users\ivany\AppData\Roaming\Python\Python312\Scripts;F:\ProgramFiles\Forensics\Registro\RegRipper4.0-main;C:\Program Files\Git\cmd;C:\Program Files\nodejs;C:\ProgramData\chocolatey\bin;C:\Program Files\MySQL\MySQL Server 8.0\bin;C:\php-8.3.10-Win32-vs16-x64-apache;C:\composer;C:\Program Files\MySQL\MySQL Shell 8.0\bin;C:\Users\ivany\AppData\Local\Microsoft\WindowsApps;C:\Users\ivany\AppData\Local\Programs\Microsoft VS Code\bin;C:\Users\ivany\AppData\Local\Programs\MiKTeX\miktex\bin\x64;C:\Users\ivany\AppData\Roaming\npm;C:\Program Files\JetBrains\IntelliJ IDEA 2024.1.5\bin;C:\Users\ivany\AppData\Roaming\Composer\vendor\bin;C:\Program Files\JetBrains\PhpStorm 2024.2\bin;."/>
    <property name="java.vm.info" value="mixed mode, sharing"/>
    <property name="stderr.encoding" value="Cp1252"/>
    <property name="java.vendor" value="Oracle Corporation"/>
    <property name="java.vm.version" value="22.0.1+8-16"/>
    <property name="sun.io.unicode.encoding" value="UnicodeLittle"/>
    <property name="java.class.version" value="66.0"/>
  </properties>
  <testcase name="testRemoveByObject" classname="com.solvd.laba.computer_repair_service.data_structures.LinkedListTest" time="0.029"/>
  <testcase name="testGet" classname="com.solvd.laba.computer_repair_service.data_structures.LinkedListTest" time="0.001"/>
  <testcase name="testSet" classname="com.solvd.laba.computer_repair_service.data_structures.LinkedListTest" time="0.001"/>
  <testcase name="testClear" classname="com.solvd.laba.computer_repair_service.data_structures.LinkedListTest" time="0.001"/>
  <testcase name="testRemoveByIndex" classname="com.solvd.laba.computer_repair_service.data_structures.LinkedListTest" time="0.001"/>
  <testcase name="testRemoveNonExistentElement" classname="com.solvd.laba.computer_repair_service.data_structures.LinkedListTest" time="0.003"/>
  <testcase name="testAddAndSize" classname="com.solvd.laba.computer_repair_service.data_structures.LinkedListTest" time="0.001"/>
  <testcase name="testIsEmpty" classname="com.solvd.laba.computer_repair_service.data_structures.LinkedListTest" time="0.002"/>
  <testcase name="testIterator" classname="com.solvd.laba.computer_repair_service.data_structures.LinkedListTest" time="0.002"/>
</testsuite>